<?xml version="1.0" encoding="UTF-8"?>
<!-- Generated by org.testng.reporters.JUnitXMLReporter -->
<testsuite ignored="0" hostname="DESKTOP-M5FGJO2" failures="1" tests="2" name="Test" time="154.953" errors="0" timestamp="2022-03-08T09:42:19 COT">
  <testcase classname="com.testNG.EjemploTestNG" name="@AfterClass afterClass" time="0.001">
    <failure type="java.lang.NullPointerException" message="Cannot invoke &amp;quot;io.appium.java_client.AppiumDriver.quit()&amp;quot; because &amp;quot;this.driver&amp;quot; is null">
      <![CDATA[java.lang.NullPointerException: Cannot invoke "io.appium.java_client.AppiumDriver.quit()" because "this.driver" is null
at com.testNG.EjemploTestNG.afterClass(EjemploTestNG.java:174)
at java.base/java.util.ArrayList.forEach(ArrayList.java:1511)
... Removed 25 stack frames]]>
    </failure>
  </testcase> <!-- @AfterClass afterClass -->
  <testcase classname="com.testNG.EjemploTestNG" name="@AfterClass afterClass1" time="-1.646750538968E9">
    <skipped/>
  </testcase> <!-- @AfterClass afterClass1 -->
  <testcase classname="com.testNG.EjemploTestNG" name="IngresarDireccion" time="0.031">
    <failure type="java.lang.NullPointerException" message="Cannot invoke &amp;quot;io.appium.java_client.screenrecording.CanRecordScreen.startRecordingScreen()&amp;quot; because &amp;quot;this.driver&amp;quot; is null">
      <![CDATA[java.lang.NullPointerException: Cannot invoke "io.appium.java_client.screenrecording.CanRecordScreen.startRecordingScreen()" because "this.driver" is null
at com.testNG.ClaseBaseFinalMobil.iniVideo(ClaseBaseFinalMobil.java:391)
at com.testNG.EjemploTestNG.IngresarDireccion(EjemploTestNG.java:74)
at java.base/java.util.ArrayList.forEach(ArrayList.java:1511)
... Removed 27 stack frames]]>
    </failure>
  </testcase> <!-- IngresarDireccion -->
  <testcase classname="com.testNG.EjemploTestNG" name="IngresarPagos" time="0.002"/>
</testsuite> <!-- Test -->
